# JRE version: Java(TM) SE Runtime Environment (14.0.1+7) (build 14.0.1+7)
# Java VM: Java HotSpot(TM) 64-Bit Server VM (14.0.1+7, mixed mode, sharing, tiered, compressed oops, g1 gc, windows-amd64)
Heap:
 garbage-first heap   total 262144K, used 69879K [0x00000000e0000000, 0x0000000100000000)
  region size 1024K, 59 young (60416K), 10 survivors (10240K)
 Metaspace       used 29502K, capacity 30220K, committed 30332K, reserved 280576K
  class space    used 4039K, capacity 4264K, committed 4300K, reserved 253952K
GC Heap History (6 events):
Event: 0.551 GC heap before
{Heap before GC invocations=0 (full 0):
 garbage-first heap   total 262144K, used 29696K [0x00000000e0000000, 0x0000000100000000)
  region size 1024K, 23 young (23552K), 0 survivors (0K)
 Metaspace       used 3812K, capacity 6586K, committed 6784K, reserved 262144K
  class space    used 502K, capacity 770K, committed 896K, reserved 253952K
}
Event: 0.554 GC heap after
{Heap after GC invocations=1 (full 0):
 garbage-first heap   total 262144K, used 8769K [0x00000000e0000000, 0x0000000100000000)
  region size 1024K, 3 young (3072K), 3 survivors (3072K)
 Metaspace       used 3812K, capacity 6586K, committed 6784K, reserved 262144K
  class space    used 502K, capacity 770K, committed 896K, reserved 253952K
}
Event: 0.811 GC heap before
{Heap before GC invocations=1 (full 0):
 garbage-first heap   total 262144K, used 36417K [0x00000000e0000000, 0x0000000100000000)
  region size 1024K, 31 young (31744K), 3 survivors (3072K)
 Metaspace       used 4111K, capacity 6654K, committed 6784K, reserved 262144K
  class space    used 517K, capacity 771K, committed 896K, reserved 253952K
}
Event: 0.814 GC heap after
{Heap after GC invocations=2 (full 0):
 garbage-first heap   total 262144K, used 13193K [0x00000000e0000000, 0x0000000100000000)
  region size 1024K, 4 young (4096K), 4 survivors (4096K)
 Metaspace       used 4111K, capacity 6654K, committed 6784K, reserved 262144K
  class space    used 517K, capacity 771K, committed 896K, reserved 253952K
}
Event: 2.302 GC heap before
{Heap before GC invocations=2 (full 0):
 garbage-first heap   total 262144K, used 131977K [0x00000000e0000000, 0x0000000100000000)
  region size 1024K, 120 young (122880K), 4 survivors (4096K)
 Metaspace       used 20580K, capacity 21198K, committed 21296K, reserved 272384K
  class space    used 3014K, capacity 3199K, committed 3200K, reserved 253952K
}
Event: 2.308 GC heap after
{Heap after GC invocations=3 (full 0):
 garbage-first heap   total 262144K, used 18679K [0x00000000e0000000, 0x0000000100000000)
  region size 1024K, 10 young (10240K), 10 survivors (10240K)
 Metaspace       used 20580K, capacity 21198K, committed 21296K, reserved 272384K
  class space    used 3014K, capacity 3199K, committed 3200K, reserved 253952K
}

