# JRE version: Java(TM) SE Runtime Environment (14.0.1+7) (build 14.0.1+7)
# Java VM: Java HotSpot(TM) 64-Bit Server VM (14.0.1+7, mixed mode, sharing, tiered, compressed oops, g1 gc, windows-amd64)
Heap:
 garbage-first heap   total 262144K, used 167023K [0x00000000e0000000, 0x0000000100000000)
  region size 1024K, 148 young (151552K), 17 survivors (17408K)
 Metaspace       used 58257K, capacity 60000K, committed 60296K, reserved 307200K
  class space    used 7824K, capacity 8458K, committed 8576K, reserved 253952K
GC Heap History (10 events):
Event: 0.690 GC heap before
{Heap before GC invocations=0 (full 0):
 garbage-first heap   total 262144K, used 28672K [0x00000000e0000000, 0x0000000100000000)
  region size 1024K, 23 young (23552K), 0 survivors (0K)
 Metaspace       used 3641K, capacity 6507K, committed 6656K, reserved 262144K
  class space    used 470K, capacity 763K, committed 768K, reserved 253952K
}
Event: 0.695 GC heap after
{Heap after GC invocations=1 (full 0):
 garbage-first heap   total 262144K, used 8615K [0x00000000e0000000, 0x0000000100000000)
  region size 1024K, 3 young (3072K), 3 survivors (3072K)
 Metaspace       used 3641K, capacity 6507K, committed 6656K, reserved 262144K
  class space    used 470K, capacity 763K, committed 768K, reserved 253952K
}
Event: 1.008 GC heap before
{Heap before GC invocations=1 (full 0):
 garbage-first heap   total 262144K, used 36263K [0x00000000e0000000, 0x0000000100000000)
  region size 1024K, 31 young (31744K), 3 survivors (3072K)
 Metaspace       used 4156K, capacity 6724K, committed 7040K, reserved 262144K
  class space    used 516K, capacity 771K, committed 896K, reserved 253952K
}
Event: 1.012 GC heap after
{Heap after GC invocations=2 (full 0):
 garbage-first heap   total 262144K, used 13005K [0x00000000e0000000, 0x0000000100000000)
  region size 1024K, 4 young (4096K), 4 survivors (4096K)
 Metaspace       used 4156K, capacity 6724K, committed 7040K, reserved 262144K
  class space    used 516K, capacity 771K, committed 896K, reserved 253952K
}
Event: 3.430 GC heap before
{Heap before GC invocations=2 (full 0):
 garbage-first heap   total 262144K, used 127693K [0x00000000e0000000, 0x0000000100000000)
  region size 1024K, 117 young (119808K), 4 survivors (4096K)
 Metaspace       used 20647K, capacity 21213K, committed 21296K, reserved 272384K
  class space    used 2993K, capacity 3199K, committed 3200K, reserved 253952K
}
Event: 3.437 GC heap after
{Heap after GC invocations=3 (full 0):
 garbage-first heap   total 262144K, used 18410K [0x00000000e0000000, 0x0000000100000000)
  region size 1024K, 10 young (10240K), 10 survivors (10240K)
 Metaspace       used 20647K, capacity 21213K, committed 21296K, reserved 272384K
  class space    used 2993K, capacity 3199K, committed 3200K, reserved 253952K
}
Event: 5.800 GC heap before
{Heap before GC invocations=4 (full 0):
 garbage-first heap   total 262144K, used 134122K [0x00000000e0000000, 0x0000000100000000)
  region size 1024K, 122 young (124928K), 10 survivors (10240K)
 Metaspace       used 34973K, capacity 35779K, committed 35920K, reserved 286720K
  class space    used 4506K, capacity 4809K, committed 4864K, reserved 253952K
}
Event: 5.812 GC heap after
{Heap after GC invocations=5 (full 0):
 garbage-first heap   total 262144K, used 24395K [0x00000000e0000000, 0x0000000100000000)
  region size 1024K, 16 young (16384K), 16 survivors (16384K)
 Metaspace       used 34973K, capacity 35779K, committed 35920K, reserved 286720K
  class space    used 4506K, capacity 4809K, committed 4864K, reserved 253952K
}
Event: 7.822 GC heap before
{Heap before GC invocations=6 (full 0):
 garbage-first heap   total 262144K, used 164683K [0x00000000e0000000, 0x0000000100000000)
  region size 1024K, 153 young (156672K), 16 survivors (16384K)
 Metaspace       used 42656K, capacity 43908K, committed 44240K, reserved 292864K
  class space    used 5741K, capacity 6190K, committed 6272K, reserved 253952K
}
Event: 7.839 GC heap after
{Heap after GC invocations=7 (full 0):
 garbage-first heap   total 262144K, used 34927K [0x00000000e0000000, 0x0000000100000000)
  region size 1024K, 17 young (17408K), 17 survivors (17408K)
 Metaspace       used 42656K, capacity 43908K, committed 44240K, reserved 292864K
  class space    used 5741K, capacity 6190K, committed 6272K, reserved 253952K
}

